2018-05-26 19:00:21.207 [error] <0.1631.0> Supervisor 'Elixir.Logger.Supervisor' had child 'Elixir.Logger.ErrorHandler' started with 'Elixir.Logger.Watcher':start_link({error_logger,'Elixir.Logger.ErrorHandler',{true,false,500}}) at <0.1636.0> exit with reason normal in context child_terminated
2018-05-26 19:00:21.253 [info] <0.33.0> Application lager started on node nonode@nohost
2018-05-26 19:00:21.261 [info] <0.33.0> Application xmerl started on node nonode@nohost
2018-05-26 19:00:21.269 [info] <0.33.0> Application jsx started on node nonode@nohost
2018-05-26 19:00:21.288 [info] <0.33.0> Application ranch started on node nonode@nohost
2018-05-26 19:00:21.299 [info] <0.33.0> Application ranch_proxy_protocol started on node nonode@nohost
2018-05-26 19:00:21.304 [info] <0.33.0> Application recon started on node nonode@nohost
2018-05-26 19:00:21.304 [info] <0.33.0> Application rabbit_common started on node nonode@nohost
2018-05-26 19:00:21.317 [info] <0.33.0> Application amqp_client started on node nonode@nohost
2018-05-26 19:00:21.318 [info] <0.33.0> Application amqp started on node nonode@nohost
2018-05-26 19:00:21.325 [info] <0.33.0> Application cowlib started on node nonode@nohost
2018-05-26 19:00:21.337 [info] <0.33.0> Application cowboy started on node nonode@nohost
2018-05-26 19:00:21.341 [info] <0.33.0> Application phoenix_html started on node nonode@nohost
2018-05-26 19:00:21.351 [info] <0.33.0> Application file_system started on node nonode@nohost
2018-05-26 19:00:21.381 [info] <0.33.0> Application phoenix_live_reload started on node nonode@nohost
2018-05-26 19:01:37.862 [error] <0.194.0> Supervisor 'Elixir.Logger.Supervisor' had child 'Elixir.Logger.ErrorHandler' started with 'Elixir.Logger.Watcher':start_link({error_logger,'Elixir.Logger.ErrorHandler',{true,false,500}}) at <0.199.0> exit with reason normal in context child_terminated
2018-05-26 19:01:37.933 [info] <0.33.0> Application lager started on node nonode@nohost
2018-05-26 19:01:37.944 [info] <0.33.0> Application xmerl started on node nonode@nohost
2018-05-26 19:01:37.951 [info] <0.33.0> Application jsx started on node nonode@nohost
2018-05-26 19:01:37.965 [info] <0.33.0> Application ranch started on node nonode@nohost
2018-05-26 19:01:37.969 [info] <0.33.0> Application ranch_proxy_protocol started on node nonode@nohost
2018-05-26 19:01:37.973 [info] <0.33.0> Application recon started on node nonode@nohost
2018-05-26 19:01:37.973 [info] <0.33.0> Application rabbit_common started on node nonode@nohost
2018-05-26 19:01:37.981 [info] <0.33.0> Application amqp_client started on node nonode@nohost
2018-05-26 19:01:37.982 [info] <0.33.0> Application amqp started on node nonode@nohost
2018-05-26 19:01:37.988 [info] <0.33.0> Application cowlib started on node nonode@nohost
2018-05-26 19:01:37.998 [info] <0.33.0> Application cowboy started on node nonode@nohost
2018-05-26 19:01:38.002 [info] <0.33.0> Application phoenix_html started on node nonode@nohost
2018-05-26 19:01:38.009 [info] <0.33.0> Application file_system started on node nonode@nohost
2018-05-26 19:01:38.033 [info] <0.33.0> Application phoenix_live_reload started on node nonode@nohost
2018-05-26 19:05:50.590 [error] <0.194.0> Supervisor 'Elixir.Logger.Supervisor' had child 'Elixir.Logger.ErrorHandler' started with 'Elixir.Logger.Watcher':start_link({error_logger,'Elixir.Logger.ErrorHandler',{true,false,500}}) at <0.199.0> exit with reason normal in context child_terminated
2018-05-26 19:05:50.647 [info] <0.33.0> Application lager started on node nonode@nohost
2018-05-26 19:05:50.656 [info] <0.33.0> Application xmerl started on node nonode@nohost
2018-05-26 19:05:50.661 [info] <0.33.0> Application jsx started on node nonode@nohost
2018-05-26 19:05:50.677 [info] <0.33.0> Application ranch started on node nonode@nohost
2018-05-26 19:05:50.683 [info] <0.33.0> Application ranch_proxy_protocol started on node nonode@nohost
2018-05-26 19:05:50.689 [info] <0.33.0> Application recon started on node nonode@nohost
2018-05-26 19:05:50.689 [info] <0.33.0> Application rabbit_common started on node nonode@nohost
2018-05-26 19:05:50.709 [info] <0.33.0> Application amqp_client started on node nonode@nohost
2018-05-26 19:05:50.710 [info] <0.33.0> Application amqp started on node nonode@nohost
2018-05-26 19:05:50.716 [info] <0.33.0> Application cowlib started on node nonode@nohost
2018-05-26 19:05:50.725 [info] <0.33.0> Application cowboy started on node nonode@nohost
2018-05-26 19:05:50.727 [info] <0.33.0> Application phoenix_html started on node nonode@nohost
2018-05-26 19:05:50.732 [info] <0.33.0> Application file_system started on node nonode@nohost
2018-05-26 19:05:50.757 [info] <0.33.0> Application phoenix_live_reload started on node nonode@nohost
2018-05-26 19:06:32.391 [error] <0.194.0> Supervisor 'Elixir.Logger.Supervisor' had child 'Elixir.Logger.ErrorHandler' started with 'Elixir.Logger.Watcher':start_link({error_logger,'Elixir.Logger.ErrorHandler',{true,false,500}}) at <0.199.0> exit with reason normal in context child_terminated
2018-05-26 19:06:32.450 [info] <0.33.0> Application lager started on node nonode@nohost
2018-05-26 19:06:32.459 [info] <0.33.0> Application xmerl started on node nonode@nohost
2018-05-26 19:06:32.464 [info] <0.33.0> Application jsx started on node nonode@nohost
2018-05-26 19:06:32.482 [info] <0.33.0> Application ranch started on node nonode@nohost
2018-05-26 19:06:32.486 [info] <0.33.0> Application ranch_proxy_protocol started on node nonode@nohost
2018-05-26 19:06:32.492 [info] <0.33.0> Application recon started on node nonode@nohost
2018-05-26 19:06:32.492 [info] <0.33.0> Application rabbit_common started on node nonode@nohost
2018-05-26 19:06:32.502 [info] <0.33.0> Application amqp_client started on node nonode@nohost
2018-05-26 19:06:32.502 [info] <0.33.0> Application amqp started on node nonode@nohost
2018-05-26 19:06:32.511 [info] <0.33.0> Application cowlib started on node nonode@nohost
2018-05-26 19:06:32.518 [info] <0.33.0> Application cowboy started on node nonode@nohost
2018-05-26 19:06:32.522 [info] <0.33.0> Application phoenix_html started on node nonode@nohost
2018-05-26 19:06:32.529 [info] <0.33.0> Application file_system started on node nonode@nohost
2018-05-26 19:06:32.554 [info] <0.33.0> Application phoenix_live_reload started on node nonode@nohost
2018-05-26 19:06:33.276 [warning] <0.32.0> lager_error_logger_h dropped 82 messages in the last second that exceeded the limit of 50 messages/sec
2018-05-26 19:07:09.200 [error] <0.186.0> Supervisor 'Elixir.Logger.Supervisor' had child 'Elixir.Logger.ErrorHandler' started with 'Elixir.Logger.Watcher':start_link({error_logger,'Elixir.Logger.ErrorHandler',{true,false,500}}) at <0.191.0> exit with reason normal in context child_terminated
2018-05-26 19:07:09.260 [info] <0.33.0> Application lager started on node nonode@nohost
2018-05-26 19:07:09.268 [info] <0.33.0> Application xmerl started on node nonode@nohost
2018-05-26 19:07:09.272 [info] <0.33.0> Application jsx started on node nonode@nohost
2018-05-26 19:07:09.281 [info] <0.33.0> Application ranch started on node nonode@nohost
2018-05-26 19:07:09.286 [info] <0.33.0> Application ranch_proxy_protocol started on node nonode@nohost
2018-05-26 19:07:09.290 [info] <0.33.0> Application recon started on node nonode@nohost
2018-05-26 19:07:09.290 [info] <0.33.0> Application rabbit_common started on node nonode@nohost
2018-05-26 19:07:09.302 [info] <0.33.0> Application amqp_client started on node nonode@nohost
2018-05-26 19:07:09.302 [info] <0.33.0> Application amqp started on node nonode@nohost
2018-05-26 19:07:09.310 [info] <0.33.0> Application cowlib started on node nonode@nohost
2018-05-26 19:07:09.317 [info] <0.33.0> Application cowboy started on node nonode@nohost
2018-05-26 19:07:09.320 [info] <0.33.0> Application phoenix_html started on node nonode@nohost
2018-05-26 19:07:09.327 [info] <0.33.0> Application file_system started on node nonode@nohost
2018-05-26 19:07:09.346 [info] <0.33.0> Application phoenix_live_reload started on node nonode@nohost
2018-05-26 19:07:10.261 [warning] <0.32.0> lager_error_logger_h dropped 72 messages in the last second that exceeded the limit of 50 messages/sec
2018-05-26 19:07:10.491 [info] <0.33.0> Application apr started on node nonode@nohost
2018-05-26 19:13:44.922 [error] <0.380.0> gen_server <0.380.0> terminated with reason: heartbeat_timeout
2018-05-26 19:13:44.922 [error] <0.380.0> CRASH REPORT Process <0.380.0> with 0 neighbours exited with reason: heartbeat_timeout in gen_server:handle_common_reply/8 line 726
2018-05-26 19:13:44.922 [error] <0.378.0> Supervisor {<0.378.0>,amqp_connection_sup} had child connection started with amqp_gen_connection:start_link(<0.379.0>, {amqp_params_network,<<"aprb">>,<<"9XTY3ucsmypjTg">>,<<"/">>,"rabbitmq.stg.artsy.systems",5672,0,...}) at <0.380.0> exit with reason heartbeat_timeout in context child_terminated
2018-05-26 19:13:44.922 [error] <0.378.0> Supervisor {<0.378.0>,amqp_connection_sup} had child connection started with amqp_gen_connection:start_link(<0.379.0>, {amqp_params_network,<<"aprb">>,<<"9XTY3ucsmypjTg">>,<<"/">>,"rabbitmq.stg.artsy.systems",5672,0,...}) at <0.380.0> exit with reason reached_max_restart_intensity in context shutdown
2018-05-26 19:35:42.588 [error] <0.469.0> gen_server <0.469.0> terminated with reason: heartbeat_timeout
2018-05-26 19:35:42.588 [error] <0.469.0> CRASH REPORT Process <0.469.0> with 0 neighbours exited with reason: heartbeat_timeout in gen_server:handle_common_reply/8 line 726
2018-05-26 19:35:42.589 [error] <0.467.0> Supervisor {<0.467.0>,amqp_connection_sup} had child connection started with amqp_gen_connection:start_link(<0.468.0>, {amqp_params_network,<<"aprb">>,<<"9XTY3ucsmypjTg">>,<<"/">>,"rabbitmq.stg.artsy.systems",5672,0,...}) at <0.469.0> exit with reason heartbeat_timeout in context child_terminated
2018-05-26 19:35:42.589 [error] <0.467.0> Supervisor {<0.467.0>,amqp_connection_sup} had child connection started with amqp_gen_connection:start_link(<0.468.0>, {amqp_params_network,<<"aprb">>,<<"9XTY3ucsmypjTg">>,<<"/">>,"rabbitmq.stg.artsy.systems",5672,0,...}) at <0.469.0> exit with reason reached_max_restart_intensity in context shutdown
2018-05-26 19:36:42.618 [error] <0.377.0> gen_server <0.377.0> terminated with reason: {timeout,{gen_server,call,[<0.483.0>,connect,60000]}} in gen_server:call/3 line 214
2018-05-26 19:36:42.618 [error] <0.377.0> CRASH REPORT Process <0.377.0> with 0 neighbours exited with reason: {timeout,{gen_server,call,[<0.483.0>,connect,60000]}} in gen_server:call/3 line 214
2018-05-26 19:36:42.618 [error] <0.260.0> Supervisor 'Elixir.Apr.Supervisor' had child amq_inquiries started with 'Elixir.Apr.AmqpService':start_link(#{topic => <<"inquiries">>}) at <0.377.0> exit with reason {timeout,{gen_server,call,[<0.483.0>,connect,60000]}} in context child_terminated
2018-05-26 19:41:19.925 [error] <0.506.0> gen_server <0.506.0> terminated with reason: heartbeat_timeout
2018-05-26 19:41:19.925 [error] <0.506.0> CRASH REPORT Process <0.506.0> with 0 neighbours exited with reason: heartbeat_timeout in gen_server:handle_common_reply/8 line 726
2018-05-26 19:41:19.925 [error] <0.504.0> Supervisor {<0.504.0>,amqp_connection_sup} had child connection started with amqp_gen_connection:start_link(<0.505.0>, {amqp_params_network,<<"aprb">>,<<"9XTY3ucsmypjTg">>,<<"/">>,"rabbitmq.stg.artsy.systems",5672,0,...}) at <0.506.0> exit with reason heartbeat_timeout in context child_terminated
2018-05-26 19:41:19.926 [error] <0.504.0> Supervisor {<0.504.0>,amqp_connection_sup} had child connection started with amqp_gen_connection:start_link(<0.505.0>, {amqp_params_network,<<"aprb">>,<<"9XTY3ucsmypjTg">>,<<"/">>,"rabbitmq.stg.artsy.systems",5672,0,...}) at <0.506.0> exit with reason reached_max_restart_intensity in context shutdown
2018-05-26 20:52:32.112 [error] <0.547.0> gen_server <0.547.0> terminated with reason: heartbeat_timeout
2018-05-26 20:52:32.113 [error] <0.547.0> CRASH REPORT Process <0.547.0> with 0 neighbours exited with reason: heartbeat_timeout in gen_server:handle_common_reply/8 line 726
2018-05-26 20:52:32.113 [error] <0.545.0> Supervisor {<0.545.0>,amqp_connection_sup} had child connection started with amqp_gen_connection:start_link(<0.546.0>, {amqp_params_network,<<"aprb">>,<<"9XTY3ucsmypjTg">>,<<"/">>,"rabbitmq.stg.artsy.systems",5672,0,...}) at <0.547.0> exit with reason heartbeat_timeout in context child_terminated
2018-05-26 20:52:32.114 [error] <0.545.0> Supervisor {<0.545.0>,amqp_connection_sup} had child connection started with amqp_gen_connection:start_link(<0.546.0>, {amqp_params_network,<<"aprb">>,<<"9XTY3ucsmypjTg">>,<<"/">>,"rabbitmq.stg.artsy.systems",5672,0,...}) at <0.547.0> exit with reason reached_max_restart_intensity in context shutdown
2018-05-28 18:46:06.616 [error] <0.387.0> Supervisor 'Elixir.Logger.Supervisor' had child 'Elixir.Logger.ErrorHandler' started with 'Elixir.Logger.Watcher':start_link({error_logger,'Elixir.Logger.ErrorHandler',{true,false,500}}) at <0.392.0> exit with reason normal in context child_terminated
2018-05-28 18:46:06.704 [info] <0.33.0> Application lager started on node nonode@nohost
2018-05-28 18:46:06.714 [info] <0.33.0> Application xmerl started on node nonode@nohost
2018-05-28 18:46:06.720 [info] <0.33.0> Application jsx started on node nonode@nohost
2018-05-28 18:46:06.741 [info] <0.33.0> Application ranch started on node nonode@nohost
2018-05-28 18:46:06.744 [info] <0.33.0> Application ranch_proxy_protocol started on node nonode@nohost
2018-05-28 18:46:06.748 [info] <0.33.0> Application recon started on node nonode@nohost
2018-05-28 18:46:06.748 [info] <0.33.0> Application rabbit_common started on node nonode@nohost
2018-05-28 18:46:06.760 [info] <0.33.0> Application amqp_client started on node nonode@nohost
2018-05-28 18:46:06.760 [info] <0.33.0> Application amqp started on node nonode@nohost
2018-05-28 18:46:06.768 [info] <0.33.0> Application cowlib started on node nonode@nohost
2018-05-28 18:46:06.779 [info] <0.33.0> Application cowboy started on node nonode@nohost
2018-05-28 18:46:06.781 [info] <0.33.0> Application phoenix_html started on node nonode@nohost
2018-05-28 18:46:06.784 [info] <0.33.0> Application basic_auth started on node nonode@nohost
2018-05-28 18:46:06.791 [info] <0.33.0> Application file_system started on node nonode@nohost
2018-05-28 18:46:06.826 [info] <0.33.0> Application phoenix_live_reload started on node nonode@nohost
2018-05-28 18:46:07.316 [warning] <0.32.0> lager_error_logger_h dropped 83 messages in the last second that exceeded the limit of 50 messages/sec
2018-05-28 18:46:43.982 [error] <0.195.0> Supervisor 'Elixir.Logger.Supervisor' had child 'Elixir.Logger.ErrorHandler' started with 'Elixir.Logger.Watcher':start_link({error_logger,'Elixir.Logger.ErrorHandler',{true,false,500}}) at <0.200.0> exit with reason normal in context child_terminated
2018-05-28 18:46:44.047 [info] <0.33.0> Application lager started on node nonode@nohost
2018-05-28 18:46:44.056 [info] <0.33.0> Application xmerl started on node nonode@nohost
2018-05-28 18:46:44.062 [info] <0.33.0> Application jsx started on node nonode@nohost
2018-05-28 18:46:44.075 [info] <0.33.0> Application ranch started on node nonode@nohost
2018-05-28 18:46:44.078 [info] <0.33.0> Application ranch_proxy_protocol started on node nonode@nohost
2018-05-28 18:46:44.082 [info] <0.33.0> Application recon started on node nonode@nohost
2018-05-28 18:46:44.082 [info] <0.33.0> Application rabbit_common started on node nonode@nohost
2018-05-28 18:46:44.093 [info] <0.33.0> Application amqp_client started on node nonode@nohost
2018-05-28 18:46:44.094 [info] <0.33.0> Application amqp started on node nonode@nohost
2018-05-28 18:46:44.100 [info] <0.33.0> Application cowlib started on node nonode@nohost
2018-05-28 18:46:44.109 [info] <0.33.0> Application cowboy started on node nonode@nohost
2018-05-28 18:46:44.112 [info] <0.33.0> Application phoenix_html started on node nonode@nohost
2018-05-28 18:46:44.114 [info] <0.33.0> Application basic_auth started on node nonode@nohost
2018-05-28 18:46:44.120 [info] <0.33.0> Application file_system started on node nonode@nohost
2018-05-28 18:46:44.147 [info] <0.33.0> Application phoenix_live_reload started on node nonode@nohost
2018-05-28 18:46:45.001 [warning] <0.32.0> lager_error_logger_h dropped 34 messages in the last second that exceeded the limit of 50 messages/sec
2018-05-28 18:47:10.087 [error] <0.187.0> Supervisor 'Elixir.Logger.Supervisor' had child 'Elixir.Logger.ErrorHandler' started with 'Elixir.Logger.Watcher':start_link({error_logger,'Elixir.Logger.ErrorHandler',{true,false,500}}) at <0.192.0> exit with reason normal in context child_terminated
2018-05-28 18:47:10.151 [info] <0.33.0> Application lager started on node nonode@nohost
2018-05-28 18:47:10.160 [info] <0.33.0> Application xmerl started on node nonode@nohost
2018-05-28 18:47:10.165 [info] <0.33.0> Application jsx started on node nonode@nohost
2018-05-28 18:47:10.182 [info] <0.33.0> Application ranch started on node nonode@nohost
2018-05-28 18:47:10.188 [info] <0.33.0> Application ranch_proxy_protocol started on node nonode@nohost
2018-05-28 18:47:10.191 [info] <0.33.0> Application recon started on node nonode@nohost
2018-05-28 18:47:10.192 [info] <0.33.0> Application rabbit_common started on node nonode@nohost
2018-05-28 18:47:10.202 [info] <0.33.0> Application amqp_client started on node nonode@nohost
2018-05-28 18:47:10.202 [info] <0.33.0> Application amqp started on node nonode@nohost
2018-05-28 18:47:10.209 [info] <0.33.0> Application cowlib started on node nonode@nohost
2018-05-28 18:47:10.218 [info] <0.33.0> Application cowboy started on node nonode@nohost
2018-05-28 18:47:10.221 [info] <0.33.0> Application phoenix_html started on node nonode@nohost
2018-05-28 18:47:10.223 [info] <0.33.0> Application basic_auth started on node nonode@nohost
2018-05-28 18:47:10.229 [info] <0.33.0> Application file_system started on node nonode@nohost
2018-05-28 18:47:10.251 [info] <0.33.0> Application phoenix_live_reload started on node nonode@nohost
2018-05-28 18:47:11.272 [warning] <0.32.0> lager_error_logger_h dropped 83 messages in the last second that exceeded the limit of 50 messages/sec
2018-05-28 18:47:11.392 [info] <0.33.0> Application apr started on node nonode@nohost
2018-05-28 18:48:40.018 [error] <0.314.0> Supervisor 'Elixir.Logger.Supervisor' had child 'Elixir.Logger.ErrorHandler' started with 'Elixir.Logger.Watcher':start_link({error_logger,'Elixir.Logger.ErrorHandler',{true,false,500}}) at <0.319.0> exit with reason normal in context child_terminated
2018-05-28 18:48:40.090 [info] <0.33.0> Application lager started on node nonode@nohost
2018-05-28 18:48:40.098 [info] <0.33.0> Application xmerl started on node nonode@nohost
2018-05-28 18:48:40.103 [info] <0.33.0> Application jsx started on node nonode@nohost
2018-05-28 18:48:40.117 [info] <0.33.0> Application ranch started on node nonode@nohost
2018-05-28 18:48:40.123 [info] <0.33.0> Application ranch_proxy_protocol started on node nonode@nohost
2018-05-28 18:48:40.126 [info] <0.33.0> Application recon started on node nonode@nohost
2018-05-28 18:48:40.126 [info] <0.33.0> Application rabbit_common started on node nonode@nohost
2018-05-28 18:48:40.139 [info] <0.33.0> Application amqp_client started on node nonode@nohost
2018-05-28 18:48:40.139 [info] <0.33.0> Application amqp started on node nonode@nohost
2018-05-28 18:48:40.145 [info] <0.33.0> Application cowlib started on node nonode@nohost
2018-05-28 18:48:40.153 [info] <0.33.0> Application cowboy started on node nonode@nohost
2018-05-28 18:48:40.157 [info] <0.33.0> Application phoenix_html started on node nonode@nohost
2018-05-28 18:48:40.159 [info] <0.33.0> Application basic_auth started on node nonode@nohost
2018-05-28 18:48:40.165 [info] <0.33.0> Application file_system started on node nonode@nohost
2018-05-28 18:48:40.191 [info] <0.33.0> Application phoenix_live_reload started on node nonode@nohost
2018-05-28 18:48:41.267 [warning] <0.32.0> lager_error_logger_h dropped 84 messages in the last second that exceeded the limit of 50 messages/sec
2018-05-28 18:48:41.299 [info] <0.33.0> Application apr started on node nonode@nohost
2018-05-28 18:48:54.439 [error] <0.523.0> Ranch listener 'Elixir.AprWeb.Endpoint.HTTP' terminated with reason: {{#{'__exception__' => true,'__struct__' => 'Elixir.ArgumentError',message => <<"Missing :username from {:apr, :basic_auth}">>},[{'Elixir.BasicAuth.Configured','credential_part!',2,[{file,"lib/basic_auth/configured.ex"},{line,63}]},{'Elixir.BasicAuth.Configured',configured_token,1,[{file,"lib/basic_auth/configured.ex"},{line,45}]},{'Elixir.BasicAuth.Configured',check_token,3,[{file,"lib/basic_auth/configured.ex"},{line,28}]},{'Elixir.AprWeb.Router',browser,2,[{file,"lib/apr_web/router.ex"},...]},...]},...}
2018-05-28 18:49:30.761 [error] <0.187.0> Supervisor 'Elixir.Logger.Supervisor' had child 'Elixir.Logger.ErrorHandler' started with 'Elixir.Logger.Watcher':start_link({error_logger,'Elixir.Logger.ErrorHandler',{true,false,500}}) at <0.192.0> exit with reason normal in context child_terminated
2018-05-28 18:49:30.818 [info] <0.33.0> Application lager started on node nonode@nohost
2018-05-28 18:49:30.828 [info] <0.33.0> Application xmerl started on node nonode@nohost
2018-05-28 18:49:30.833 [info] <0.33.0> Application jsx started on node nonode@nohost
2018-05-28 18:49:30.846 [info] <0.33.0> Application ranch started on node nonode@nohost
2018-05-28 18:49:30.851 [info] <0.33.0> Application ranch_proxy_protocol started on node nonode@nohost
2018-05-28 18:49:30.855 [info] <0.33.0> Application recon started on node nonode@nohost
2018-05-28 18:49:30.855 [info] <0.33.0> Application rabbit_common started on node nonode@nohost
2018-05-28 18:49:30.865 [info] <0.33.0> Application amqp_client started on node nonode@nohost
2018-05-28 18:49:30.866 [info] <0.33.0> Application amqp started on node nonode@nohost
2018-05-28 18:49:30.873 [info] <0.33.0> Application cowlib started on node nonode@nohost
2018-05-28 18:49:30.880 [info] <0.33.0> Application cowboy started on node nonode@nohost
2018-05-28 18:49:30.883 [info] <0.33.0> Application phoenix_html started on node nonode@nohost
2018-05-28 18:49:30.886 [info] <0.33.0> Application basic_auth started on node nonode@nohost
2018-05-28 18:49:30.893 [info] <0.33.0> Application file_system started on node nonode@nohost
2018-05-28 18:49:30.915 [info] <0.33.0> Application phoenix_live_reload started on node nonode@nohost
2018-05-28 18:49:32.001 [warning] <0.32.0> lager_error_logger_h dropped 33 messages in the last second that exceeded the limit of 50 messages/sec
2018-05-28 18:49:32.442 [info] <0.33.0> Application apr started on node nonode@nohost
2018-05-28 20:09:36.986 [error] <0.314.0> Supervisor 'Elixir.Logger.Supervisor' had child 'Elixir.Logger.ErrorHandler' started with 'Elixir.Logger.Watcher':start_link({error_logger,'Elixir.Logger.ErrorHandler',{true,false,500}}) at <0.319.0> exit with reason normal in context child_terminated
2018-05-28 20:09:37.061 [info] <0.33.0> Application lager started on node nonode@nohost
2018-05-28 20:09:37.077 [info] <0.33.0> Application xmerl started on node nonode@nohost
2018-05-28 20:09:37.083 [info] <0.33.0> Application jsx started on node nonode@nohost
2018-05-28 20:09:37.106 [info] <0.33.0> Application ranch started on node nonode@nohost
2018-05-28 20:09:37.111 [info] <0.33.0> Application ranch_proxy_protocol started on node nonode@nohost
2018-05-28 20:09:37.116 [info] <0.33.0> Application recon started on node nonode@nohost
2018-05-28 20:09:37.116 [info] <0.33.0> Application rabbit_common started on node nonode@nohost
2018-05-28 20:09:37.132 [info] <0.33.0> Application amqp_client started on node nonode@nohost
2018-05-28 20:09:37.133 [info] <0.33.0> Application amqp started on node nonode@nohost
2018-05-28 20:09:37.145 [info] <0.33.0> Application cowlib started on node nonode@nohost
2018-05-28 20:09:37.156 [info] <0.33.0> Application cowboy started on node nonode@nohost
2018-05-28 20:09:37.159 [info] <0.33.0> Application phoenix_html started on node nonode@nohost
2018-05-28 20:09:37.161 [info] <0.33.0> Application basic_auth started on node nonode@nohost
2018-05-28 20:09:37.168 [info] <0.33.0> Application file_system started on node nonode@nohost
2018-05-28 20:09:37.215 [info] <0.33.0> Application phoenix_live_reload started on node nonode@nohost
2018-05-28 20:09:38.001 [warning] <0.32.0> lager_error_logger_h dropped 33 messages in the last second that exceeded the limit of 50 messages/sec
2018-05-28 20:09:38.421 [info] <0.33.0> Application apr started on node nonode@nohost
2018-05-28 20:12:26.888 [error] <0.187.0> Supervisor 'Elixir.Logger.Supervisor' had child 'Elixir.Logger.ErrorHandler' started with 'Elixir.Logger.Watcher':start_link({error_logger,'Elixir.Logger.ErrorHandler',{true,false,500}}) at <0.192.0> exit with reason normal in context child_terminated
2018-05-28 20:12:26.954 [info] <0.33.0> Application lager started on node nonode@nohost
2018-05-28 20:12:26.964 [info] <0.33.0> Application xmerl started on node nonode@nohost
2018-05-28 20:12:26.969 [info] <0.33.0> Application jsx started on node nonode@nohost
2018-05-28 20:12:26.987 [info] <0.33.0> Application ranch started on node nonode@nohost
2018-05-28 20:12:26.994 [info] <0.33.0> Application ranch_proxy_protocol started on node nonode@nohost
2018-05-28 20:12:26.997 [info] <0.33.0> Application recon started on node nonode@nohost
2018-05-28 20:12:26.998 [info] <0.33.0> Application rabbit_common started on node nonode@nohost
2018-05-28 20:12:27.012 [info] <0.33.0> Application amqp_client started on node nonode@nohost
2018-05-28 20:12:27.012 [info] <0.33.0> Application amqp started on node nonode@nohost
2018-05-28 20:12:27.020 [info] <0.33.0> Application cowlib started on node nonode@nohost
2018-05-28 20:12:27.030 [info] <0.33.0> Application cowboy started on node nonode@nohost
2018-05-28 20:12:27.033 [info] <0.33.0> Application phoenix_html started on node nonode@nohost
2018-05-28 20:12:27.035 [info] <0.33.0> Application basic_auth started on node nonode@nohost
2018-05-28 20:12:27.043 [info] <0.33.0> Application file_system started on node nonode@nohost
2018-05-28 20:12:27.069 [info] <0.33.0> Application phoenix_live_reload started on node nonode@nohost
2018-05-28 20:12:28.001 [warning] <0.32.0> lager_error_logger_h dropped 33 messages in the last second that exceeded the limit of 50 messages/sec
2018-05-28 20:12:28.247 [info] <0.33.0> Application apr started on node nonode@nohost
2018-05-28 20:12:45.067 [error] <0.187.0> Supervisor 'Elixir.Logger.Supervisor' had child 'Elixir.Logger.ErrorHandler' started with 'Elixir.Logger.Watcher':start_link({error_logger,'Elixir.Logger.ErrorHandler',{true,false,500}}) at <0.192.0> exit with reason normal in context child_terminated
2018-05-28 20:12:45.141 [info] <0.33.0> Application lager started on node nonode@nohost
2018-05-28 20:12:45.150 [info] <0.33.0> Application xmerl started on node nonode@nohost
2018-05-28 20:12:45.156 [info] <0.33.0> Application jsx started on node nonode@nohost
2018-05-28 20:12:45.170 [info] <0.33.0> Application ranch started on node nonode@nohost
2018-05-28 20:12:45.175 [info] <0.33.0> Application ranch_proxy_protocol started on node nonode@nohost
2018-05-28 20:12:45.181 [info] <0.33.0> Application recon started on node nonode@nohost
2018-05-28 20:12:45.181 [info] <0.33.0> Application rabbit_common started on node nonode@nohost
2018-05-28 20:12:45.190 [info] <0.33.0> Application amqp_client started on node nonode@nohost
2018-05-28 20:12:45.190 [info] <0.33.0> Application amqp started on node nonode@nohost
2018-05-28 20:12:45.199 [info] <0.33.0> Application cowlib started on node nonode@nohost
2018-05-28 20:12:45.206 [info] <0.33.0> Application cowboy started on node nonode@nohost
2018-05-28 20:12:45.209 [info] <0.33.0> Application phoenix_html started on node nonode@nohost
2018-05-28 20:12:45.213 [info] <0.33.0> Application basic_auth started on node nonode@nohost
2018-05-28 20:12:45.218 [info] <0.33.0> Application file_system started on node nonode@nohost
2018-05-28 20:12:45.237 [info] <0.33.0> Application phoenix_live_reload started on node nonode@nohost
2018-05-28 20:12:46.277 [warning] <0.32.0> lager_error_logger_h dropped 83 messages in the last second that exceeded the limit of 50 messages/sec
2018-05-28 20:12:46.468 [info] <0.33.0> Application apr started on node nonode@nohost
2018-05-28 20:13:45.325 [error] <0.487.0> Ranch listener 'Elixir.AprWeb.Endpoint.HTTP' terminated with reason: {{#{'__exception__' => true,'__struct__' => 'Elixir.Phoenix.Router.NoRouteError',conn => #{'__struct__' => 'Elixir.Plug.Conn',adapter => {'Elixir.Plug.Adapters.Cowboy.Conn',{http_req,#Port<0.9774>,ranch_tcp,keepalive,<0.487.0>,<<"GET">>,'HTTP/1.1',{{127,0,0,1},51625},<<"localhost">>,undefined,4000,<<"/images/A.png">>,undefined,<<>>,undefined,[],[{<<"host">>,<<"localhost:4000">>},{<<"accept-encoding">>,<<"gzip, deflate">>},{<<"cookie">>,<<"__utma=111872281.55290087.1496956703.1496956703.149...">>},...],...}},...},...},...},...}
2018-05-28 20:13:45.398 [error] <0.492.0> Ranch listener 'Elixir.AprWeb.Endpoint.HTTP' terminated with reason: {{#{'__exception__' => true,'__struct__' => 'Elixir.Phoenix.Router.NoRouteError',conn => #{'__struct__' => 'Elixir.Plug.Conn',adapter => {'Elixir.Plug.Adapters.Cowboy.Conn',{http_req,#Port<0.10051>,ranch_tcp,keepalive,<0.492.0>,<<"GET">>,'HTTP/1.1',{{127,0,0,1},51627},<<"localhost">>,undefined,4000,<<"/images/AP.png">>,undefined,<<>>,undefined,[],[{<<"host">>,<<"localhost:4000">>},{<<"accept-encoding">>,<<"gzip, deflate">>},{<<"cookie">>,<<"__utma=111872281.55290087.1496956703.1496956703.1...">>},...],...}},...},...},...},...}
2018-05-28 20:13:57.049 [error] <0.498.0> Ranch listener 'Elixir.AprWeb.Endpoint.HTTP' terminated with reason: {{#{'__exception__' => true,'__struct__' => 'Elixir.Phoenix.Router.NoRouteError',conn => #{'__struct__' => 'Elixir.Plug.Conn',adapter => {'Elixir.Plug.Adapters.Cowboy.Conn',{http_req,#Port<0.10107>,ranch_tcp,keepalive,<0.498.0>,<<"GET">>,'HTTP/1.1',{{127,0,0,1},51679},<<"localhost">>,undefined,4000,<<"/images/l.png">>,undefined,<<>>,undefined,[],[{<<"host">>,<<"localhost:4000">>},{<<"accept-encoding">>,<<"gzip, deflate">>},{<<"cookie">>,<<"__utma=111872281.55290087.1496956703.1496956703.14...">>},...],...}},...},...},...},...}
2018-05-28 20:13:57.293 [error] <0.503.0> Ranch listener 'Elixir.AprWeb.Endpoint.HTTP' terminated with reason: {{#{'__exception__' => true,'__struct__' => 'Elixir.Phoenix.Router.NoRouteError',conn => #{'__struct__' => 'Elixir.Plug.Conn',adapter => {'Elixir.Plug.Adapters.Cowboy.Conn',{http_req,#Port<0.10160>,ranch_tcp,keepalive,<0.503.0>,<<"GET">>,'HTTP/1.1',{{127,0,0,1},51681},<<"localhost">>,undefined,4000,<<"/images/lo.png">>,undefined,<<>>,undefined,[],[{<<"host">>,<<"localhost:4000">>},{<<"accept-encoding">>,<<"gzip, deflate">>},{<<"cookie">>,<<"__utma=111872281.55290087.1496956703.1496956703.1...">>},...],...}},...},...},...},...}
2018-05-28 20:13:57.407 [error] <0.508.0> Ranch listener 'Elixir.AprWeb.Endpoint.HTTP' terminated with reason: {{#{'__exception__' => true,'__struct__' => 'Elixir.Phoenix.Router.NoRouteError',conn => #{'__struct__' => 'Elixir.Plug.Conn',adapter => {'Elixir.Plug.Adapters.Cowboy.Conn',{http_req,#Port<0.10213>,ranch_tcp,keepalive,<0.508.0>,<<"GET">>,'HTTP/1.1',{{127,0,0,1},51683},<<"localhost">>,undefined,4000,<<"/images/log.png">>,undefined,<<>>,undefined,[],[{<<"host">>,<<"localhost:4000">>},{<<"accept-encoding">>,<<"gzip, deflate">>},{<<"cookie">>,<<"__utma=111872281.55290087.1496956703.1496956703....">>},...],...}},...},...},...},...}
2018-05-28 20:15:11.939 [error] <0.187.0> Supervisor 'Elixir.Logger.Supervisor' had child 'Elixir.Logger.ErrorHandler' started with 'Elixir.Logger.Watcher':start_link({error_logger,'Elixir.Logger.ErrorHandler',{true,false,500}}) at <0.192.0> exit with reason normal in context child_terminated
2018-05-28 20:15:12.003 [info] <0.33.0> Application lager started on node nonode@nohost
2018-05-28 20:15:12.013 [info] <0.33.0> Application xmerl started on node nonode@nohost
2018-05-28 20:15:12.019 [info] <0.33.0> Application jsx started on node nonode@nohost
2018-05-28 20:15:12.034 [info] <0.33.0> Application ranch started on node nonode@nohost
2018-05-28 20:15:12.038 [info] <0.33.0> Application ranch_proxy_protocol started on node nonode@nohost
2018-05-28 20:15:12.045 [info] <0.33.0> Application recon started on node nonode@nohost
2018-05-28 20:15:12.046 [info] <0.33.0> Application rabbit_common started on node nonode@nohost
2018-05-28 20:15:12.059 [info] <0.33.0> Application amqp_client started on node nonode@nohost
2018-05-28 20:15:12.059 [info] <0.33.0> Application amqp started on node nonode@nohost
2018-05-28 20:15:12.065 [info] <0.33.0> Application cowlib started on node nonode@nohost
2018-05-28 20:15:12.077 [info] <0.33.0> Application cowboy started on node nonode@nohost
2018-05-28 20:15:12.081 [info] <0.33.0> Application phoenix_html started on node nonode@nohost
2018-05-28 20:15:12.086 [info] <0.33.0> Application basic_auth started on node nonode@nohost
2018-05-28 20:15:12.101 [info] <0.33.0> Application file_system started on node nonode@nohost
2018-05-28 20:15:12.150 [info] <0.33.0> Application phoenix_live_reload started on node nonode@nohost
2018-05-28 20:15:13.000 [warning] <0.32.0> lager_error_logger_h dropped 33 messages in the last second that exceeded the limit of 50 messages/sec
2018-05-28 20:15:13.483 [info] <0.33.0> Application apr started on node nonode@nohost
2018-05-28 20:20:19.109 [error] <0.187.0> Supervisor 'Elixir.Logger.Supervisor' had child 'Elixir.Logger.ErrorHandler' started with 'Elixir.Logger.Watcher':start_link({error_logger,'Elixir.Logger.ErrorHandler',{true,false,500}}) at <0.192.0> exit with reason normal in context child_terminated
2018-05-28 20:20:19.170 [info] <0.33.0> Application lager started on node nonode@nohost
2018-05-28 20:20:19.181 [info] <0.33.0> Application xmerl started on node nonode@nohost
2018-05-28 20:20:19.187 [info] <0.33.0> Application jsx started on node nonode@nohost
2018-05-28 20:20:19.202 [info] <0.33.0> Application ranch started on node nonode@nohost
2018-05-28 20:20:19.212 [info] <0.33.0> Application ranch_proxy_protocol started on node nonode@nohost
2018-05-28 20:20:19.215 [info] <0.33.0> Application recon started on node nonode@nohost
2018-05-28 20:20:19.215 [info] <0.33.0> Application rabbit_common started on node nonode@nohost
2018-05-28 20:20:19.229 [info] <0.33.0> Application amqp_client started on node nonode@nohost
2018-05-28 20:20:19.229 [info] <0.33.0> Application amqp started on node nonode@nohost
2018-05-28 20:20:19.236 [info] <0.33.0> Application cowlib started on node nonode@nohost
2018-05-28 20:20:19.245 [info] <0.33.0> Application cowboy started on node nonode@nohost
2018-05-28 20:20:19.248 [info] <0.33.0> Application phoenix_html started on node nonode@nohost
2018-05-28 20:20:19.250 [info] <0.33.0> Application basic_auth started on node nonode@nohost
2018-05-28 20:20:19.258 [info] <0.33.0> Application file_system started on node nonode@nohost
2018-05-28 20:20:19.284 [info] <0.33.0> Application phoenix_live_reload started on node nonode@nohost
2018-05-28 20:20:20.134 [warning] <0.32.0> lager_error_logger_h dropped 83 messages in the last second that exceeded the limit of 50 messages/sec
2018-05-28 20:20:20.643 [info] <0.33.0> Application apr started on node nonode@nohost
2018-05-28 20:20:23.317 [error] <0.396.0> Ranch listener 'Elixir.AprWeb.Endpoint.HTTP' terminated with reason: {{#{'__exception__' => true,'__struct__' => 'Elixir.Phoenix.Router.NoRouteError',conn => #{'__struct__' => 'Elixir.Plug.Conn',adapter => {'Elixir.Plug.Adapters.Cowboy.Conn',{http_req,#Port<0.8744>,ranch_tcp,keepalive,<0.396.0>,<<"GET">>,'HTTP/1.1',{{127,0,0,1},52031},<<"localhost">>,undefined,4000,<<"/css/app.css">>,undefined,<<>>,undefined,[],[{<<"host">>,<<"localhost:4000">>},{<<"connection">>,<<"keep-alive">>},{<<"authorization">>,<<"Basic YXNoa2FuOmFzaGthbg==">>},{<<"user-agent">>,<<"M...">>},...],...}},...},...},...},...}
2018-05-28 20:20:25.456 [error] <0.401.0> Ranch listener 'Elixir.AprWeb.Endpoint.HTTP' terminated with reason: {{#{'__exception__' => true,'__struct__' => 'Elixir.Phoenix.Router.NoRouteError',conn => #{'__struct__' => 'Elixir.Plug.Conn',adapter => {'Elixir.Plug.Adapters.Cowboy.Conn',{http_req,#Port<0.9250>,ranch_tcp,keepalive,<0.401.0>,<<"GET">>,'HTTP/1.1',{{127,0,0,1},52033},<<"localhost">>,undefined,4000,<<"/css/app.css">>,undefined,<<>>,undefined,[],[{<<"host">>,<<"localhost:4000">>},{<<"connection">>,<<"keep-alive">>},{<<"pragma">>,<<"no-cache">>},{<<"cache-control">>,<<"no-cache">>},{<<"autho...">>,...},...],...}},...},...},...},...}
2018-05-28 20:20:41.193 [error] <0.441.0> Ranch listener 'Elixir.AprWeb.Endpoint.HTTP' terminated with reason: {{#{'__exception__' => true,'__struct__' => 'Elixir.Phoenix.Router.NoRouteError',conn => #{'__struct__' => 'Elixir.Plug.Conn',adapter => {'Elixir.Plug.Adapters.Cowboy.Conn',{http_req,#Port<0.9953>,ranch_tcp,keepalive,<0.441.0>,<<"GET">>,'HTTP/1.1',{{127,0,0,1},52047},<<"localhost">>,undefined,4000,<<"/css/app.css">>,undefined,<<>>,undefined,[],[{<<"host">>,<<"localhost:4000">>},{<<"connection">>,<<"keep-alive">>},{<<"pragma">>,<<"no-cache">>},{<<"cache-control">>,<<"no-cache">>},{<<"autho...">>,...},...],...}},...},...},...},...}
2018-05-28 20:21:17.546 [error] <0.187.0> Supervisor 'Elixir.Logger.Supervisor' had child 'Elixir.Logger.ErrorHandler' started with 'Elixir.Logger.Watcher':start_link({error_logger,'Elixir.Logger.ErrorHandler',{true,false,500}}) at <0.192.0> exit with reason normal in context child_terminated
2018-05-28 20:21:17.618 [info] <0.33.0> Application lager started on node nonode@nohost
2018-05-28 20:21:17.627 [info] <0.33.0> Application xmerl started on node nonode@nohost
2018-05-28 20:21:17.635 [info] <0.33.0> Application jsx started on node nonode@nohost
2018-05-28 20:21:17.651 [info] <0.33.0> Application ranch started on node nonode@nohost
2018-05-28 20:21:17.656 [info] <0.33.0> Application ranch_proxy_protocol started on node nonode@nohost
2018-05-28 20:21:17.660 [info] <0.33.0> Application recon started on node nonode@nohost
2018-05-28 20:21:17.660 [info] <0.33.0> Application rabbit_common started on node nonode@nohost
2018-05-28 20:21:17.673 [info] <0.33.0> Application amqp_client started on node nonode@nohost
2018-05-28 20:21:17.674 [info] <0.33.0> Application amqp started on node nonode@nohost
2018-05-28 20:21:17.681 [info] <0.33.0> Application cowlib started on node nonode@nohost
2018-05-28 20:21:17.690 [info] <0.33.0> Application cowboy started on node nonode@nohost
2018-05-28 20:21:17.692 [info] <0.33.0> Application phoenix_html started on node nonode@nohost
2018-05-28 20:21:17.695 [info] <0.33.0> Application basic_auth started on node nonode@nohost
2018-05-28 20:21:17.701 [info] <0.33.0> Application file_system started on node nonode@nohost
2018-05-28 20:21:17.726 [info] <0.33.0> Application phoenix_live_reload started on node nonode@nohost
2018-05-28 20:21:18.163 [warning] <0.32.0> lager_error_logger_h dropped 83 messages in the last second that exceeded the limit of 50 messages/sec
2018-05-28 20:21:18.826 [error] <0.395.0> Ranch listener 'Elixir.AprWeb.Endpoint.HTTP' terminated with reason: {{#{'__exception__' => true,'__struct__' => 'Elixir.Phoenix.Router.NoRouteError',conn => #{'__struct__' => 'Elixir.Plug.Conn',adapter => {'Elixir.Plug.Adapters.Cowboy.Conn',{http_req,#Port<0.8735>,ranch_tcp,keepalive,<0.395.0>,<<"GET">>,'HTTP/1.1',{{127,0,0,1},52106},<<"localhost">>,undefined,4000,<<"/css/app.css">>,undefined,<<>>,undefined,[],[{<<"host">>,<<"localhost:4000">>},{<<"connection">>,<<"keep-alive">>},{<<"authorization">>,<<"Basic YXNoa2FuOmFzaGthbg==">>},{<<"user-agent">>,<<"M...">>},...],...}},...},...},...},...}
2018-05-28 20:21:18.834 [info] <0.33.0> Application apr started on node nonode@nohost
2018-05-28 20:21:19.160 [error] <0.396.0> Ranch listener 'Elixir.AprWeb.Endpoint.HTTP' terminated with reason: {{#{'__exception__' => true,'__struct__' => 'Elixir.Phoenix.Router.NoRouteError',conn => #{'__struct__' => 'Elixir.Plug.Conn',adapter => {'Elixir.Plug.Adapters.Cowboy.Conn',{http_req,#Port<0.8736>,ranch_tcp,keepalive,<0.396.0>,<<"GET">>,'HTTP/1.1',{{127,0,0,1},52108},<<"localhost">>,undefined,4000,<<"/css/app.css">>,undefined,<<>>,undefined,[],[{<<"host">>,<<"localhost:4000">>},{<<"connection">>,<<"keep-alive">>},{<<"authorization">>,<<"Basic YXNoa2FuOmFzaGthbg==">>},{<<"user-agent">>,<<"M...">>},...],...}},...},...},...},...}
2018-05-28 20:21:21.988 [error] <0.397.0> Ranch listener 'Elixir.AprWeb.Endpoint.HTTP' terminated with reason: {{#{'__exception__' => true,'__struct__' => 'Elixir.Phoenix.Router.NoRouteError',conn => #{'__struct__' => 'Elixir.Plug.Conn',adapter => {'Elixir.Plug.Adapters.Cowboy.Conn',{http_req,#Port<0.8737>,ranch_tcp,keepalive,<0.397.0>,<<"GET">>,'HTTP/1.1',{{127,0,0,1},52110},<<"localhost">>,undefined,4000,<<"/css/app.css">>,undefined,<<"vsn=1527553282">>,undefined,[],[{<<"host">>,<<"localhost:4000">>},{<<"connection">>,<<"keep-alive">>},{<<"authorization">>,<<"Basic YXNoa2FuOmFzaGthbg==">>},{<<"u...">>,...},...],...}},...},...},...},...}
2018-05-28 20:21:22.072 [error] <0.398.0> Ranch listener 'Elixir.AprWeb.Endpoint.HTTP' terminated with reason: {{#{'__exception__' => true,'__struct__' => 'Elixir.Phoenix.Router.NoRouteError',conn => #{'__struct__' => 'Elixir.Plug.Conn',adapter => {'Elixir.Plug.Adapters.Cowboy.Conn',{http_req,#Port<0.8738>,ranch_tcp,keepalive,<0.398.0>,<<"GET">>,'HTTP/1.1',{{127,0,0,1},52113},<<"localhost">>,undefined,4000,<<"/css/app.css">>,undefined,<<>>,undefined,[],[{<<"host">>,<<"localhost:4000">>},{<<"connection">>,<<"keep-alive">>},{<<"authorization">>,<<"Basic YXNoa2FuOmFzaGthbg==">>},{<<"user-agent">>,<<"M...">>},...],...}},...},...},...},...}
2018-05-28 20:21:58.613 [error] <0.187.0> Supervisor 'Elixir.Logger.Supervisor' had child 'Elixir.Logger.ErrorHandler' started with 'Elixir.Logger.Watcher':start_link({error_logger,'Elixir.Logger.ErrorHandler',{true,false,500}}) at <0.192.0> exit with reason normal in context child_terminated
2018-05-28 20:21:58.664 [info] <0.33.0> Application lager started on node nonode@nohost
2018-05-28 20:21:58.672 [info] <0.33.0> Application xmerl started on node nonode@nohost
2018-05-28 20:21:58.678 [info] <0.33.0> Application jsx started on node nonode@nohost
2018-05-28 20:21:58.696 [info] <0.33.0> Application ranch started on node nonode@nohost
2018-05-28 20:21:58.700 [info] <0.33.0> Application ranch_proxy_protocol started on node nonode@nohost
2018-05-28 20:21:58.707 [info] <0.33.0> Application recon started on node nonode@nohost
2018-05-28 20:21:58.708 [info] <0.33.0> Application rabbit_common started on node nonode@nohost
2018-05-28 20:21:58.719 [info] <0.33.0> Application amqp_client started on node nonode@nohost
2018-05-28 20:21:58.719 [info] <0.33.0> Application amqp started on node nonode@nohost
2018-05-28 20:21:58.728 [info] <0.33.0> Application cowlib started on node nonode@nohost
2018-05-28 20:21:58.737 [info] <0.33.0> Application cowboy started on node nonode@nohost
2018-05-28 20:21:58.740 [info] <0.33.0> Application phoenix_html started on node nonode@nohost
2018-05-28 20:21:58.743 [info] <0.33.0> Application basic_auth started on node nonode@nohost
2018-05-28 20:21:58.750 [info] <0.33.0> Application file_system started on node nonode@nohost
2018-05-28 20:21:58.778 [info] <0.33.0> Application phoenix_live_reload started on node nonode@nohost
2018-05-28 20:21:59.079 [warning] <0.32.0> lager_error_logger_h dropped 82 messages in the last second that exceeded the limit of 50 messages/sec
2018-05-28 20:21:59.905 [info] <0.33.0> Application apr started on node nonode@nohost
2018-05-28 20:22:02.248 [error] <0.396.0> Ranch listener 'Elixir.AprWeb.Endpoint.HTTP' terminated with reason: {{#{'__exception__' => true,'__struct__' => 'Elixir.Phoenix.Router.NoRouteError',conn => #{'__struct__' => 'Elixir.Plug.Conn',adapter => {'Elixir.Plug.Adapters.Cowboy.Conn',{http_req,#Port<0.8744>,ranch_tcp,keepalive,<0.396.0>,<<"GET">>,'HTTP/1.1',{{127,0,0,1},52170},<<"localhost">>,undefined,4000,<<"/css/app.css">>,undefined,<<>>,undefined,[],[{<<"host">>,<<"localhost:4000">>},{<<"connection">>,<<"keep-alive">>},{<<"authorization">>,<<"Basic YXNoa2FuOmFzaGthbg==">>},{<<"user-agent">>,<<"M...">>},...],...}},...},...},...},...}
2018-05-28 20:22:30.291 [error] <0.187.0> Supervisor 'Elixir.Logger.Supervisor' had child 'Elixir.Logger.ErrorHandler' started with 'Elixir.Logger.Watcher':start_link({error_logger,'Elixir.Logger.ErrorHandler',{true,false,500}}) at <0.192.0> exit with reason normal in context child_terminated
2018-05-28 20:22:30.362 [info] <0.33.0> Application lager started on node nonode@nohost
2018-05-28 20:22:30.371 [info] <0.33.0> Application xmerl started on node nonode@nohost
2018-05-28 20:22:30.377 [info] <0.33.0> Application jsx started on node nonode@nohost
2018-05-28 20:22:30.388 [info] <0.33.0> Application ranch started on node nonode@nohost
2018-05-28 20:22:30.393 [info] <0.33.0> Application ranch_proxy_protocol started on node nonode@nohost
2018-05-28 20:22:30.397 [info] <0.33.0> Application recon started on node nonode@nohost
2018-05-28 20:22:30.397 [info] <0.33.0> Application rabbit_common started on node nonode@nohost
2018-05-28 20:22:30.407 [info] <0.33.0> Application amqp_client started on node nonode@nohost
2018-05-28 20:22:30.407 [info] <0.33.0> Application amqp started on node nonode@nohost
2018-05-28 20:22:30.414 [info] <0.33.0> Application cowlib started on node nonode@nohost
2018-05-28 20:22:30.422 [info] <0.33.0> Application cowboy started on node nonode@nohost
2018-05-28 20:22:30.426 [info] <0.33.0> Application phoenix_html started on node nonode@nohost
2018-05-28 20:22:30.428 [info] <0.33.0> Application basic_auth started on node nonode@nohost
2018-05-28 20:22:30.435 [info] <0.33.0> Application file_system started on node nonode@nohost
2018-05-28 20:22:30.452 [info] <0.33.0> Application phoenix_live_reload started on node nonode@nohost
2018-05-28 20:22:31.272 [warning] <0.32.0> lager_error_logger_h dropped 83 messages in the last second that exceeded the limit of 50 messages/sec
2018-05-28 20:22:31.437 [info] <0.33.0> Application apr started on node nonode@nohost
2018-05-28 20:22:32.675 [error] <0.396.0> Ranch listener 'Elixir.AprWeb.Endpoint.HTTP' terminated with reason: {{#{'__exception__' => true,'__struct__' => 'Elixir.Phoenix.Router.NoRouteError',conn => #{'__struct__' => 'Elixir.Plug.Conn',adapter => {'Elixir.Plug.Adapters.Cowboy.Conn',{http_req,#Port<0.8744>,ranch_tcp,keepalive,<0.396.0>,<<"GET">>,'HTTP/1.1',{{127,0,0,1},52217},<<"localhost">>,undefined,4000,<<"/css/app.css">>,undefined,<<>>,undefined,[],[{<<"host">>,<<"localhost:4000">>},{<<"connection">>,<<"keep-alive">>},{<<"authorization">>,<<"Basic YXNoa2FuOmFzaGthbg==">>},{<<"user-agent">>,<<"M...">>},...],...}},...},...},...},...}
2018-05-28 20:22:33.150 [error] <0.401.0> Ranch listener 'Elixir.AprWeb.Endpoint.HTTP' terminated with reason: {{#{'__exception__' => true,'__struct__' => 'Elixir.Phoenix.Router.NoRouteError',conn => #{'__struct__' => 'Elixir.Plug.Conn',adapter => {'Elixir.Plug.Adapters.Cowboy.Conn',{http_req,#Port<0.9249>,ranch_tcp,keepalive,<0.401.0>,<<"GET">>,'HTTP/1.1',{{127,0,0,1},52219},<<"localhost">>,undefined,4000,<<"/css/app.css">>,undefined,<<"vsn=1527553353">>,undefined,[],[{<<"host">>,<<"localhost:4000">>},{<<"connection">>,<<"keep-alive">>},{<<"authorization">>,<<"Basic YXNoa2FuOmFzaGthbg==">>},{<<"u...">>,...},...],...}},...},...},...},...}
2018-05-28 20:22:33.245 [error] <0.419.0> Ranch listener 'Elixir.AprWeb.Endpoint.HTTP' terminated with reason: {{#{'__exception__' => true,'__struct__' => 'Elixir.Phoenix.Router.NoRouteError',conn => #{'__struct__' => 'Elixir.Plug.Conn',adapter => {'Elixir.Plug.Adapters.Cowboy.Conn',{http_req,#Port<0.9880>,ranch_tcp,keepalive,<0.419.0>,<<"GET">>,'HTTP/1.1',{{127,0,0,1},52225},<<"localhost">>,undefined,4000,<<"/css/app.css">>,undefined,<<>>,undefined,[],[{<<"host">>,<<"localhost:4000">>},{<<"connection">>,<<"keep-alive">>},{<<"authorization">>,<<"Basic YXNoa2FuOmFzaGthbg==">>},{<<"user-agent">>,<<"M...">>},...],...}},...},...},...},...}
2018-05-28 20:22:33.728 [error] <0.427.0> Ranch listener 'Elixir.AprWeb.Endpoint.HTTP' terminated with reason: {{#{'__exception__' => true,'__struct__' => 'Elixir.Phoenix.Router.NoRouteError',conn => #{'__struct__' => 'Elixir.Plug.Conn',adapter => {'Elixir.Plug.Adapters.Cowboy.Conn',{http_req,#Port<0.9941>,ranch_tcp,keepalive,<0.427.0>,<<"GET">>,'HTTP/1.1',{{127,0,0,1},52227},<<"localhost">>,undefined,4000,<<"/css/app.css">>,undefined,<<>>,undefined,[],[{<<"host">>,<<"localhost:4000">>},{<<"connection">>,<<"keep-alive">>},{<<"pragma">>,<<"no-cache">>},{<<"cache-control">>,<<"no-cache">>},{<<"autho...">>,...},...],...}},...},...},...},...}
2018-05-28 20:24:27.279 [error] <0.187.0> Supervisor 'Elixir.Logger.Supervisor' had child 'Elixir.Logger.ErrorHandler' started with 'Elixir.Logger.Watcher':start_link({error_logger,'Elixir.Logger.ErrorHandler',{true,false,500}}) at <0.192.0> exit with reason normal in context child_terminated
2018-05-28 20:24:27.365 [info] <0.33.0> Application lager started on node nonode@nohost
2018-05-28 20:24:27.375 [info] <0.33.0> Application xmerl started on node nonode@nohost
2018-05-28 20:24:27.380 [info] <0.33.0> Application jsx started on node nonode@nohost
2018-05-28 20:24:27.397 [info] <0.33.0> Application ranch started on node nonode@nohost
2018-05-28 20:24:27.403 [info] <0.33.0> Application ranch_proxy_protocol started on node nonode@nohost
2018-05-28 20:24:27.408 [info] <0.33.0> Application recon started on node nonode@nohost
2018-05-28 20:24:27.409 [info] <0.33.0> Application rabbit_common started on node nonode@nohost
2018-05-28 20:24:27.425 [info] <0.33.0> Application amqp_client started on node nonode@nohost
2018-05-28 20:24:27.425 [info] <0.33.0> Application amqp started on node nonode@nohost
2018-05-28 20:24:27.432 [info] <0.33.0> Application cowlib started on node nonode@nohost
2018-05-28 20:24:27.443 [info] <0.33.0> Application cowboy started on node nonode@nohost
2018-05-28 20:24:27.447 [info] <0.33.0> Application phoenix_html started on node nonode@nohost
2018-05-28 20:24:27.450 [info] <0.33.0> Application basic_auth started on node nonode@nohost
2018-05-28 20:24:27.459 [info] <0.33.0> Application file_system started on node nonode@nohost
2018-05-28 20:24:27.503 [info] <0.33.0> Application phoenix_live_reload started on node nonode@nohost
2018-05-28 20:24:28.238 [warning] <0.32.0> lager_error_logger_h dropped 83 messages in the last second that exceeded the limit of 50 messages/sec
2018-05-28 20:24:28.878 [info] <0.33.0> Application apr started on node nonode@nohost
